Assembler report for FB_SDF
Mon Oct 16 03:38:04 2023
Quartus Prime Version 22.1std.0 Build 915 10/25/2022 SC Standard Edition


---------------------
; Table of Contents ;
---------------------
  1. Legal Notice
  2. Assembler Summary
  3. Assembler Settings
  4. Assembler Encrypted IP Cores Summary
  5. Assembler Generated Files
  6. Assembler Device Options: FB_SDF.sof
  7. Assembler Messages



----------------
; Legal Notice ;
----------------
Copyright (C) 2022  Intel Corporation. All rights reserved.
Your use of Intel Corporation's design tools, logic functions 
and other software and tools, and any partner logic 
functions, and any output files from any of the foregoing 
(including device programming or simulation files), and any 
associated documentation or information are expressly subject 
to the terms and conditions of the Intel Program License 
Subscription Agreement, the Intel Quartus Prime License Agreement,
the Intel FPGA IP License Agreement, or other applicable license
agreement, including, without limitation, that your use is for
the sole purpose of programming logic devices manufactured by
Intel and sold by Intel or its authorized distributors.  Please
refer to the applicable agreement for further details, at
https://fpgasoftware.intel.com/eula.



+---------------------------------------------------------------+
; Assembler Summary                                             ;
+-----------------------+---------------------------------------+
; Assembler Status      ; Successful - Mon Oct 16 03:38:04 2023 ;
; Revision Name         ; FB_SDF                                ;
; Top-level Entity Name ; FB_SDF                                ;
; Family                ; Cyclone V                             ;
; Device                ; 5CSEBA6U23I7                          ;
+-----------------------+---------------------------------------+


+----------------------------------+
; Assembler Settings               ;
+--------+---------+---------------+
; Option ; Setting ; Default Value ;
+--------+---------+---------------+


+------------------------------------------------+
; Assembler Encrypted IP Cores Summary           ;
+--------+------------------------+--------------+
; Vendor ; IP Core Name           ; License Type ;
+--------+------------------------+--------------+
; Altera ; Signal Tap (6AF7 BCE1) ; Licensed     ;
; Altera ; Signal Tap (6AF7 BCEC) ; Licensed     ;
+--------+------------------------+--------------+


+------------------------------------------------------------------------------------------------------------+
; Assembler Generated Files                                                                                  ;
+------------------------------------------------------------------------------------------------------------+
; File Name                                                                                                  ;
+------------------------------------------------------------------------------------------------------------+
; /home/soleimanmanteghi/intelFPGA/SDFProject/Repository_SDF_with_nios_imp/QuartusMT/output_files/FB_SDF.sof ;
+------------------------------------------------------------------------------------------------------------+


+--------------------------------------+
; Assembler Device Options: FB_SDF.sof ;
+----------------+---------------------+
; Option         ; Setting             ;
+----------------+---------------------+
; JTAG usercode  ; 0x0445CFBF          ;
; Checksum       ; 0x0445CFBF          ;
+----------------+---------------------+


+--------------------+
; Assembler Messages ;
+--------------------+
Info: *******************************************************************
Info: Running Quartus Prime Assembler
    Info: Version 22.1std.0 Build 915 10/25/2022 SC Standard Edition
    Info: Processing started: Mon Oct 16 03:37:59 2023
Info: Command: quartus_asm --read_settings_files=off --write_settings_files=off FB_SDF -c FB_SDF
Warning (18236): Number of processors has not been specified which may cause overloading on shared machines.  Set the global assignment NUM_PARALLEL_PROCESSORS in your QSF to an appropriate value for best performance.
Info (115030): Assembler is generating device programming files
Info: Quartus Prime Assembler was successful. 0 errors, 1 warning
    Info: Peak virtual memory: 609 megabytes
    Info: Processing ended: Mon Oct 16 03:38:04 2023
    Info: Elapsed time: 00:00:05
    Info: Total CPU time (on all processors): 00:00:06


